[14:29:22] [main/INFO] (FabricLoader/GameProvider) Loading Minecraft 1.21.4 with Fabric Loader 0.16.9
[14:29:22] [main/INFO] (FabricLoader) Loading 55 mods:
	- fabric-api 0.112.1+1.21.4
	- fabric-api-base 0.4.54+b47eab6b04
	- fabric-api-lookup-api-v1 1.6.86+b1caf1e904
	- fabric-biome-api-v1 15.0.5+b1caf1e904
	- fabric-block-api-v1 1.0.31+7feeb73304
	- fabric-block-view-api-v2 1.0.19+7feeb73304
	- fabric-blockrenderlayer-v1 2.0.8+7feeb73304
	- fabric-client-gametest-api-v1 1.0.0+b47eab6b04
	- fabric-client-tags-api-v1 1.1.29+20ea1e2304
	- fabric-command-api-v1 1.2.62+f71b366f04
	- fabric-command-api-v2 2.2.41+e496eb1504
	- fabric-commands-v0 0.2.79+df3654b304
	- fabric-content-registries-v0 9.1.14+7feeb73304
	- fabric-convention-tags-v1 2.1.8+7f945d5b04
	- fabric-convention-tags-v2 2.9.8+19197ac204
	- fabric-crash-report-info-v1 0.3.6+7feeb73304
	- fabric-data-attachment-api-v1 1.4.5+9aea556b04
	- fabric-data-generation-api-v1 22.2.1+20ea1e2304
	- fabric-dimensions-v1 4.0.10+7feeb73304
	- fabric-entity-events-v1 2.0.12+60fccc7604
	- fabric-events-interaction-v0 4.0.2+a4eebcf004
	- fabric-game-rule-api-v1 1.0.62+7feeb73304
	- fabric-gametest-api-v1 2.0.21+7feeb73304
	- fabric-item-api-v1 11.1.14+203e6b2304
	- fabric-item-group-api-v1 4.1.23+7feeb73304
	- fabric-key-binding-api-v1 1.0.56+7feeb73304
	- fabric-keybindings-v0 0.2.54+df3654b304
	- fabric-lifecycle-events-v1 2.5.4+bf2a60eb04
	- fabric-loot-api-v2 3.0.33+3f89f5a504
	- fabric-loot-api-v3 1.0.21+203e6b2304
	- fabric-message-api-v1 6.0.25+7feeb73304
	- fabric-model-loading-api-v1 4.1.1+7b6b225304
	- fabric-networking-api-v1 4.3.9+cc0fa2fe04
	- fabric-object-builder-api-v1 18.0.7+e604fe7f04
	- fabric-particles-v1 4.0.14+7feeb73304
	- fabric-recipe-api-v1 8.0.5+b1caf1e904
	- fabric-registry-sync-v0 6.1.1+43e15bad04
	- fabric-renderer-api-v1 5.0.2+84404cdd04
	- fabric-renderer-indigo 2.0.2+84404cdd04
	- fabric-rendering-data-attachment-v1 0.3.57+73761d2e04
	- fabric-rendering-fluids-v1 3.1.19+7feeb73304
	- fabric-rendering-v1 10.1.2+b874120c04
	- fabric-resource-conditions-api-v1 5.0.13+203e6b2304
	- fabric-resource-loader-v0 3.0.11+b1caf1e904
	- fabric-screen-api-v1 2.0.38+7feeb73304
	- fabric-screen-handler-api-v1 1.3.108+7feeb73304
	- fabric-sound-api-v1 1.0.32+7feeb73304
	- fabric-tag-api-v1 1.0.2+20ea1e2304
	- fabric-transfer-api-v1 5.4.8+b1caf1e904
	- fabric-transitive-access-wideners-v1 6.3.2+56e78b9b04
	- fabricloader 0.16.9
	- hgmod 1.0.0
	- java 21
	- minecraft 1.21.4
	- mixinextras 0.4.1
[14:29:22] [main/INFO] (FabricLoader/Mixin) SpongePowered MIXIN Subsystem Version=0.8.7 Source=file:/C:/Users/user/.gradle/caches/modules-2/files-2.1/net.fabricmc/sponge-mixin/0.15.4+mixin.0.8.7/6a12aacc794f1078458433116e9ed42c1cc98096/sponge-mixin-0.15.4+mixin.0.8.7.jar Service=Knot/Fabric Env=CLIENT
[14:29:22] [main/INFO] (FabricLoader/Mixin) Loaded Fabric development mappings for mixin remapper!
[14:29:22] [main/INFO] (FabricLoader/Mixin) Compatibility level set to JAVA_21
[14:29:23] [main/INFO] (FabricLoader/MixinExtras|Service) Initializing MixinExtras via com.llamalad7.mixinextras.service.MixinExtrasServiceImpl(version=0.4.1).
[14:29:24] [Datafixer Bootstrap/INFO] (Minecraft) 243 Datafixer optimizations took 283 milliseconds
[14:29:24] [main/WARN] (PerfmonDisabled) Invalid registry value type detected for PerfOS counters. Should be REG_DWORD. Ignoring: HKEY_LOCAL_MACHINE\SYSTEM\CurrentControlSet\Services\PerfOS\Performance\Disable Performance Counters.
[14:29:28] [Render thread/INFO] (Minecraft) Environment: Environment[sessionHost=https://sessionserver.mojang.com, servicesHost=https://api.minecraftservices.com, name=PROD]
[14:29:28] [Render thread/INFO] (Minecraft) Setting user: Player397
